{"/home/yogaadhi/Final-Project-Travelook/index.js": {"path":"/home/yogaadhi/Final-Project-Travelook/index.js","statementMap":{"0":{"start":{"line":1,"column":0},"end":{"line":3,"column":5}},"1":{"start":{"line":4,"column":16},"end":{"line":4,"column":34}},"2":{"start":{"line":5,"column":12},"end":{"line":5,"column":21}},"3":{"start":{"line":8,"column":19},"end":{"line":8,"column":52}},"4":{"start":{"line":12,"column":0},"end":{"line":12,"column":24}},"5":{"start":{"line":13,"column":0},"end":{"line":17,"column":2}},"6":{"start":{"line":23,"column":0},"end":{"line":23,"column":33}},"7":{"start":{"line":26,"column":0},"end":{"line":26,"column":29}},"8":{"start":{"line":29,"column":0},"end":{"line":33,"column":1}},"9":{"start":{"line":32,"column":2},"end":{"line":32,"column":65}},"10":{"start":{"line":32,"column":25},"end":{"line":32,"column":63}},"11":{"start":{"line":40,"column":0},"end":{"line":40,"column":21}}},"fnMap":{"0":{"name":"(anonymous_0)","decl":{"start":{"line":32,"column":19},"end":{"line":32,"column":20}},"loc":{"start":{"line":32,"column":25},"end":{"line":32,"column":63}},"line":32}},"branchMap":{"0":{"loc":{"start":{"line":29,"column":0},"end":{"line":33,"column":1}},"type":"if","locations":[{"start":{"line":29,"column":0},"end":{"line":33,"column":1}},{"start":{"line":29,"column":0},"end":{"line":33,"column":1}}],"line":29}},"s":{"0":1,"1":1,"2":1,"3":1,"4":1,"5":1,"6":1,"7":1,"8":1,"9":0,"10":0,"11":1},"f":{"0":0},"b":{"0":[0,1]},"_coverageSchema":"1a1c01bbd47fc00a2c39e90264f33305004495a9","hash":"726e37ca0989e8d846212ceeefd504639cb0d318"}
,"/home/yogaadhi/Final-Project-Travelook/config/config.js": {"path":"/home/yogaadhi/Final-Project-Travelook/config/config.js","statementMap":{"0":{"start":{"line":1,"column":0},"end":{"line":3,"column":3}},"1":{"start":{"line":5,"column":0},"end":{"line":30,"column":1}}},"fnMap":{},"branchMap":{},"s":{"0":1,"1":1},"f":{},"b":{},"_coverageSchema":"1a1c01bbd47fc00a2c39e90264f33305004495a9","hash":"52a4bfea61e1f88683815aa2177e284a2af8825c"}
,"/home/yogaadhi/Final-Project-Travelook/controllers/authController.js": {"path":"/home/yogaadhi/Final-Project-Travelook/controllers/authController.js","statementMap":{"0":{"start":{"line":1,"column":10},"end":{"line":1,"column":28}},"1":{"start":{"line":2,"column":17},"end":{"line":2,"column":37}},"2":{"start":{"line":3,"column":12},"end":{"line":3,"column":35}},"3":{"start":{"line":7,"column":4},"end":{"line":32,"column":5}},"4":{"start":{"line":10,"column":6},"end":{"line":10,"column":30}},"5":{"start":{"line":11,"column":19},"end":{"line":15,"column":7}},"6":{"start":{"line":19,"column":20},"end":{"line":19,"column":58}},"7":{"start":{"line":21,"column":6},"end":{"line":24,"column":9}},"8":{"start":{"line":27,"column":6},"end":{"line":27,"column":21}},"9":{"start":{"line":28,"column":6},"end":{"line":31,"column":9}},"10":{"start":{"line":36,"column":4},"end":{"line":56,"column":5}},"11":{"start":{"line":39,"column":24},"end":{"line":43,"column":8}},"12":{"start":{"line":45,"column":6},"end":{"line":45,"column":31}},"13":{"start":{"line":46,"column":6},"end":{"line":49,"column":9}},"14":{"start":{"line":51,"column":6},"end":{"line":51,"column":20}},"15":{"start":{"line":52,"column":6},"end":{"line":55,"column":9}},"16":{"start":{"line":61,"column":4},"end":{"line":77,"column":5}},"17":{"start":{"line":62,"column":17},"end":{"line":64,"column":8}},"18":{"start":{"line":66,"column":6},"end":{"line":71,"column":9}},"19":{"start":{"line":73,"column":6},"end":{"line":76,"column":9}},"20":{"start":{"line":81,"column":0},"end":{"line":81,"column":38}}},"fnMap":{"0":{"name":"(anonymous_0)","decl":{"start":{"line":6,"column":2},"end":{"line":6,"column":3}},"loc":{"start":{"line":6,"column":27},"end":{"line":33,"column":3}},"line":6},"1":{"name":"(anonymous_1)","decl":{"start":{"line":35,"column":2},"end":{"line":35,"column":3}},"loc":{"start":{"line":35,"column":25},"end":{"line":57,"column":3}},"line":35},"2":{"name":"(anonymous_2)","decl":{"start":{"line":60,"column":2},"end":{"line":60,"column":3}},"loc":{"start":{"line":60,"column":25},"end":{"line":78,"column":3}},"line":60}},"branchMap":{},"s":{"0":1,"1":1,"2":1,"3":2,"4":2,"5":2,"6":2,"7":2,"8":0,"9":0,"10":0,"11":0,"12":0,"13":0,"14":0,"15":0,"16":0,"17":0,"18":0,"19":0,"20":1},"f":{"0":2,"1":0,"2":0},"b":{},"_coverageSchema":"1a1c01bbd47fc00a2c39e90264f33305004495a9","hash":"c976ec2ca0e7a5c08acf8264e295e4fa0cb0cc33"}
,"/home/yogaadhi/Final-Project-Travelook/middlewares/auth/index.js": {"path":"/home/yogaadhi/Final-Project-Travelook/middlewares/auth/index.js","statementMap":{"0":{"start":{"line":1,"column":17},"end":{"line":1,"column":36}},"1":{"start":{"line":2,"column":22},"end":{"line":2,"column":56}},"2":{"start":{"line":3,"column":17},"end":{"line":3,"column":40}},"3":{"start":{"line":4,"column":15},"end":{"line":4,"column":32}},"4":{"start":{"line":5,"column":20},"end":{"line":5,"column":52}},"5":{"start":{"line":6,"column":19},"end":{"line":6,"column":53}},"6":{"start":{"line":9,"column":0},"end":{"line":38,"column":2}},"7":{"start":{"line":11,"column":2},"end":{"line":37,"column":21}},"8":{"start":{"line":18,"column":4},"end":{"line":23,"column":5}},"9":{"start":{"line":19,"column":6},"end":{"line":22,"column":9}},"10":{"start":{"line":26,"column":4},"end":{"line":30,"column":5}},"11":{"start":{"line":27,"column":6},"end":{"line":29,"column":9}},"12":{"start":{"line":33,"column":4},"end":{"line":33,"column":20}},"13":{"start":{"line":36,"column":4},"end":{"line":36,"column":11}},"14":{"start":{"line":40,"column":0},"end":{"line":78,"column":2}},"15":{"start":{"line":49,"column":6},"end":{"line":75,"column":7}},"16":{"start":{"line":52,"column":25},"end":{"line":52,"column":52}},"17":{"start":{"line":59,"column":8},"end":{"line":62,"column":11}},"18":{"start":{"line":66,"column":8},"end":{"line":66,"column":23}},"19":{"start":{"line":72,"column":8},"end":{"line":74,"column":11}},"20":{"start":{"line":80,"column":0},"end":{"line":109,"column":2}},"21":{"start":{"line":82,"column":2},"end":{"line":108,"column":21}},"22":{"start":{"line":89,"column":4},"end":{"line":94,"column":5}},"23":{"start":{"line":90,"column":6},"end":{"line":93,"column":9}},"24":{"start":{"line":97,"column":4},"end":{"line":101,"column":5}},"25":{"start":{"line":98,"column":6},"end":{"line":100,"column":9}},"26":{"start":{"line":104,"column":4},"end":{"line":104,"column":20}},"27":{"start":{"line":107,"column":4},"end":{"line":107,"column":11}},"28":{"start":{"line":111,"column":0},"end":{"line":163,"column":2}},"29":{"start":{"line":120,"column":6},"end":{"line":160,"column":7}},"30":{"start":{"line":123,"column":25},"end":{"line":123,"column":79}},"31":{"start":{"line":129,"column":8},"end":{"line":133,"column":9}},"32":{"start":{"line":130,"column":10},"end":{"line":132,"column":13}},"33":{"start":{"line":147,"column":8},"end":{"line":149,"column":11}},"34":{"start":{"line":156,"column":8},"end":{"line":156,"column":22}},"35":{"start":{"line":157,"column":8},"end":{"line":159,"column":11}},"36":{"start":{"line":165,"column":0},"end":{"line":194,"column":2}},"37":{"start":{"line":167,"column":2},"end":{"line":193,"column":21}},"38":{"start":{"line":174,"column":4},"end":{"line":179,"column":5}},"39":{"start":{"line":175,"column":6},"end":{"line":178,"column":9}},"40":{"start":{"line":182,"column":4},"end":{"line":186,"column":5}},"41":{"start":{"line":183,"column":6},"end":{"line":185,"column":9}},"42":{"start":{"line":189,"column":4},"end":{"line":189,"column":20}},"43":{"start":{"line":192,"column":4},"end":{"line":192,"column":11}},"44":{"start":{"line":196,"column":0},"end":{"line":228,"column":2}},"45":{"start":{"line":208,"column":6},"end":{"line":225,"column":7}},"46":{"start":{"line":209,"column":8},"end":{"line":209,"column":27}},"47":{"start":{"line":210,"column":26},"end":{"line":210,"column":63}},"48":{"start":{"line":212,"column":8},"end":{"line":214,"column":9}},"49":{"start":{"line":213,"column":10},"end":{"line":213,"column":35}},"50":{"start":{"line":216,"column":8},"end":{"line":218,"column":10}},"51":{"start":{"line":222,"column":8},"end":{"line":224,"column":11}},"52":{"start":{"line":230,"column":0},"end":{"line":259,"column":2}},"53":{"start":{"line":232,"column":2},"end":{"line":258,"column":21}},"54":{"start":{"line":239,"column":4},"end":{"line":244,"column":5}},"55":{"start":{"line":240,"column":6},"end":{"line":243,"column":9}},"56":{"start":{"line":247,"column":4},"end":{"line":251,"column":5}},"57":{"start":{"line":248,"column":6},"end":{"line":250,"column":9}},"58":{"start":{"line":254,"column":4},"end":{"line":254,"column":20}},"59":{"start":{"line":257,"column":4},"end":{"line":257,"column":11}},"60":{"start":{"line":261,"column":0},"end":{"line":293,"column":2}},"61":{"start":{"line":273,"column":6},"end":{"line":290,"column":7}},"62":{"start":{"line":274,"column":8},"end":{"line":274,"column":27}},"63":{"start":{"line":275,"column":26},"end":{"line":275,"column":63}},"64":{"start":{"line":277,"column":8},"end":{"line":279,"column":9}},"65":{"start":{"line":278,"column":10},"end":{"line":278,"column":35}},"66":{"start":{"line":281,"column":8},"end":{"line":283,"column":10}},"67":{"start":{"line":287,"column":8},"end":{"line":289,"column":11}}},"fnMap":{"0":{"name":"(anonymous_0)","decl":{"start":{"line":9,"column":17},"end":{"line":9,"column":18}},"loc":{"start":{"line":9,"column":37},"end":{"line":38,"column":1}},"line":9},"1":{"name":"(anonymous_1)","decl":{"start":{"line":11,"column":54},"end":{"line":11,"column":55}},"loc":{"start":{"line":11,"column":75},"end":{"line":37,"column":3}},"line":11},"2":{"name":"(anonymous_2)","decl":{"start":{"line":48,"column":4},"end":{"line":48,"column":5}},"loc":{"start":{"line":48,"column":42},"end":{"line":76,"column":5}},"line":48},"3":{"name":"(anonymous_3)","decl":{"start":{"line":80,"column":17},"end":{"line":80,"column":18}},"loc":{"start":{"line":80,"column":37},"end":{"line":109,"column":1}},"line":80},"4":{"name":"(anonymous_4)","decl":{"start":{"line":82,"column":54},"end":{"line":82,"column":55}},"loc":{"start":{"line":82,"column":75},"end":{"line":108,"column":3}},"line":82},"5":{"name":"(anonymous_5)","decl":{"start":{"line":119,"column":4},"end":{"line":119,"column":5}},"loc":{"start":{"line":119,"column":42},"end":{"line":161,"column":5}},"line":119},"6":{"name":"(anonymous_6)","decl":{"start":{"line":165,"column":16},"end":{"line":165,"column":17}},"loc":{"start":{"line":165,"column":36},"end":{"line":194,"column":1}},"line":165},"7":{"name":"(anonymous_7)","decl":{"start":{"line":167,"column":30},"end":{"line":167,"column":31}},"loc":{"start":{"line":167,"column":51},"end":{"line":193,"column":3}},"line":167},"8":{"name":"(anonymous_8)","decl":{"start":{"line":206,"column":4},"end":{"line":206,"column":5}},"loc":{"start":{"line":206,"column":27},"end":{"line":226,"column":5}},"line":206},"9":{"name":"(anonymous_9)","decl":{"start":{"line":230,"column":15},"end":{"line":230,"column":16}},"loc":{"start":{"line":230,"column":35},"end":{"line":259,"column":1}},"line":230},"10":{"name":"(anonymous_10)","decl":{"start":{"line":232,"column":29},"end":{"line":232,"column":30}},"loc":{"start":{"line":232,"column":50},"end":{"line":258,"column":3}},"line":232},"11":{"name":"(anonymous_11)","decl":{"start":{"line":271,"column":4},"end":{"line":271,"column":5}},"loc":{"start":{"line":271,"column":27},"end":{"line":291,"column":5}},"line":271}},"branchMap":{"0":{"loc":{"start":{"line":18,"column":4},"end":{"line":23,"column":5}},"type":"if","locations":[{"start":{"line":18,"column":4},"end":{"line":23,"column":5}},{"start":{"line":18,"column":4},"end":{"line":23,"column":5}}],"line":18},"1":{"loc":{"start":{"line":26,"column":4},"end":{"line":30,"column":5}},"type":"if","locations":[{"start":{"line":26,"column":4},"end":{"line":30,"column":5}},{"start":{"line":26,"column":4},"end":{"line":30,"column":5}}],"line":26},"2":{"loc":{"start":{"line":89,"column":4},"end":{"line":94,"column":5}},"type":"if","locations":[{"start":{"line":89,"column":4},"end":{"line":94,"column":5}},{"start":{"line":89,"column":4},"end":{"line":94,"column":5}}],"line":89},"3":{"loc":{"start":{"line":97,"column":4},"end":{"line":101,"column":5}},"type":"if","locations":[{"start":{"line":97,"column":4},"end":{"line":101,"column":5}},{"start":{"line":97,"column":4},"end":{"line":101,"column":5}}],"line":97},"4":{"loc":{"start":{"line":129,"column":8},"end":{"line":133,"column":9}},"type":"if","locations":[{"start":{"line":129,"column":8},"end":{"line":133,"column":9}},{"start":{"line":129,"column":8},"end":{"line":133,"column":9}}],"line":129},"5":{"loc":{"start":{"line":174,"column":4},"end":{"line":179,"column":5}},"type":"if","locations":[{"start":{"line":174,"column":4},"end":{"line":179,"column":5}},{"start":{"line":174,"column":4},"end":{"line":179,"column":5}}],"line":174},"6":{"loc":{"start":{"line":182,"column":4},"end":{"line":186,"column":5}},"type":"if","locations":[{"start":{"line":182,"column":4},"end":{"line":186,"column":5}},{"start":{"line":182,"column":4},"end":{"line":186,"column":5}}],"line":182},"7":{"loc":{"start":{"line":212,"column":8},"end":{"line":214,"column":9}},"type":"if","locations":[{"start":{"line":212,"column":8},"end":{"line":214,"column":9}},{"start":{"line":212,"column":8},"end":{"line":214,"column":9}}],"line":212},"8":{"loc":{"start":{"line":239,"column":4},"end":{"line":244,"column":5}},"type":"if","locations":[{"start":{"line":239,"column":4},"end":{"line":244,"column":5}},{"start":{"line":239,"column":4},"end":{"line":244,"column":5}}],"line":239},"9":{"loc":{"start":{"line":247,"column":4},"end":{"line":251,"column":5}},"type":"if","locations":[{"start":{"line":247,"column":4},"end":{"line":251,"column":5}},{"start":{"line":247,"column":4},"end":{"line":251,"column":5}}],"line":247},"10":{"loc":{"start":{"line":277,"column":8},"end":{"line":279,"column":9}},"type":"if","locations":[{"start":{"line":277,"column":8},"end":{"line":279,"column":9}},{"start":{"line":277,"column":8},"end":{"line":279,"column":9}}],"line":277}},"s":{"0":1,"1":1,"2":1,"3":1,"4":1,"5":1,"6":1,"7":2,"8":2,"9":0,"10":2,"11":1,"12":1,"13":1,"14":1,"15":2,"16":2,"17":1,"18":1,"19":1,"20":1,"21":1,"22":1,"23":0,"24":1,"25":0,"26":1,"27":1,"28":1,"29":1,"30":1,"31":1,"32":0,"33":1,"34":0,"35":0,"36":1,"37":0,"38":0,"39":0,"40":0,"41":0,"42":0,"43":0,"44":1,"45":0,"46":0,"47":0,"48":0,"49":0,"50":0,"51":0,"52":1,"53":0,"54":0,"55":0,"56":0,"57":0,"58":0,"59":0,"60":1,"61":0,"62":0,"63":0,"64":0,"65":0,"66":0,"67":0},"f":{"0":2,"1":2,"2":2,"3":1,"4":1,"5":1,"6":0,"7":0,"8":0,"9":0,"10":0,"11":0},"b":{"0":[0,2],"1":[1,1],"2":[0,1],"3":[0,1],"4":[0,1],"5":[0,0],"6":[0,0],"7":[0,0],"8":[0,0],"9":[0,0],"10":[0,0]},"_coverageSchema":"1a1c01bbd47fc00a2c39e90264f33305004495a9","hash":"98065459f371b0f1bb663284d17170ee66905218"}
,"/home/yogaadhi/Final-Project-Travelook/middlewares/uploads/imageUpload.js": {"path":"/home/yogaadhi/Final-Project-Travelook/middlewares/uploads/imageUpload.js","statementMap":{"0":{"start":{"line":1,"column":15},"end":{"line":1,"column":32}},"1":{"start":{"line":2,"column":13},"end":{"line":2,"column":28}},"2":{"start":{"line":3,"column":15},"end":{"line":3,"column":32}},"3":{"start":{"line":5,"column":18},"end":{"line":5,"column":28}},"4":{"start":{"line":6,"column":16},"end":{"line":17,"column":2}},"5":{"start":{"line":9,"column":4},"end":{"line":15,"column":7}},"6":{"start":{"line":11,"column":6},"end":{"line":11,"column":30}},"7":{"start":{"line":11,"column":15},"end":{"line":11,"column":30}},"8":{"start":{"line":14,"column":6},"end":{"line":14,"column":70}},"9":{"start":{"line":22,"column":2},"end":{"line":35,"column":3}},"10":{"start":{"line":30,"column":4},"end":{"line":30,"column":19}},"11":{"start":{"line":32,"column":4},"end":{"line":32,"column":19}},"12":{"start":{"line":34,"column":4},"end":{"line":34,"column":51}},"13":{"start":{"line":39,"column":15},"end":{"line":42,"column":26}},"14":{"start":{"line":45,"column":0},"end":{"line":66,"column":2}},"15":{"start":{"line":46,"column":2},"end":{"line":65,"column":5}},"16":{"start":{"line":48,"column":4},"end":{"line":59,"column":5}},"17":{"start":{"line":50,"column":6},"end":{"line":50,"column":22}},"18":{"start":{"line":51,"column":6},"end":{"line":53,"column":9}},"19":{"start":{"line":54,"column":11},"end":{"line":59,"column":5}},"20":{"start":{"line":56,"column":6},"end":{"line":58,"column":9}},"21":{"start":{"line":62,"column":4},"end":{"line":62,"column":53}},"22":{"start":{"line":62,"column":18},"end":{"line":62,"column":53}},"23":{"start":{"line":64,"column":4},"end":{"line":64,"column":11}}},"fnMap":{"0":{"name":"(anonymous_0)","decl":{"start":{"line":8,"column":12},"end":{"line":8,"column":13}},"loc":{"start":{"line":8,"column":37},"end":{"line":16,"column":3}},"line":8},"1":{"name":"(anonymous_1)","decl":{"start":{"line":9,"column":33},"end":{"line":9,"column":34}},"loc":{"start":{"line":9,"column":53},"end":{"line":15,"column":5}},"line":9},"2":{"name":"fileFilter","decl":{"start":{"line":21,"column":9},"end":{"line":21,"column":19}},"loc":{"start":{"line":21,"column":35},"end":{"line":36,"column":1}},"line":21},"3":{"name":"(anonymous_3)","decl":{"start":{"line":45,"column":29},"end":{"line":45,"column":30}},"loc":{"start":{"line":45,"column":49},"end":{"line":66,"column":1}},"line":45},"4":{"name":"(anonymous_4)","decl":{"start":{"line":46,"column":19},"end":{"line":46,"column":20}},"loc":{"start":{"line":46,"column":28},"end":{"line":65,"column":3}},"line":46}},"branchMap":{"0":{"loc":{"start":{"line":11,"column":6},"end":{"line":11,"column":30}},"type":"if","locations":[{"start":{"line":11,"column":6},"end":{"line":11,"column":30}},{"start":{"line":11,"column":6},"end":{"line":11,"column":30}}],"line":11},"1":{"loc":{"start":{"line":22,"column":2},"end":{"line":35,"column":3}},"type":"if","locations":[{"start":{"line":22,"column":2},"end":{"line":35,"column":3}},{"start":{"line":22,"column":2},"end":{"line":35,"column":3}}],"line":22},"2":{"loc":{"start":{"line":23,"column":4},"end":{"line":27,"column":32}},"type":"binary-expr","locations":[{"start":{"line":23,"column":4},"end":{"line":23,"column":33}},{"start":{"line":24,"column":4},"end":{"line":24,"column":32}},{"start":{"line":25,"column":4},"end":{"line":25,"column":32}},{"start":{"line":26,"column":4},"end":{"line":26,"column":32}},{"start":{"line":27,"column":4},"end":{"line":27,"column":32}}],"line":23},"3":{"loc":{"start":{"line":48,"column":4},"end":{"line":59,"column":5}},"type":"if","locations":[{"start":{"line":48,"column":4},"end":{"line":59,"column":5}},{"start":{"line":48,"column":4},"end":{"line":59,"column":5}}],"line":48},"4":{"loc":{"start":{"line":54,"column":11},"end":{"line":59,"column":5}},"type":"if","locations":[{"start":{"line":54,"column":11},"end":{"line":59,"column":5}},{"start":{"line":54,"column":11},"end":{"line":59,"column":5}}],"line":54},"5":{"loc":{"start":{"line":62,"column":4},"end":{"line":62,"column":53}},"type":"if","locations":[{"start":{"line":62,"column":4},"end":{"line":62,"column":53}},{"start":{"line":62,"column":4},"end":{"line":62,"column":53}}],"line":62}},"s":{"0":1,"1":1,"2":1,"3":1,"4":1,"5":0,"6":0,"7":0,"8":0,"9":0,"10":0,"11":0,"12":0,"13":1,"14":1,"15":2,"16":2,"17":0,"18":0,"19":2,"20":0,"21":2,"22":0,"23":2},"f":{"0":0,"1":0,"2":0,"3":2,"4":2},"b":{"0":[0,0],"1":[0,0],"2":[0,0,0,0,0],"3":[0,2],"4":[0,2],"5":[0,2]},"_coverageSchema":"1a1c01bbd47fc00a2c39e90264f33305004495a9","hash":"41a1a243024f1829f7b78f1e1f9a13225b843768"}
,"/home/yogaadhi/Final-Project-Travelook/middlewares/validators/authValidator.js": {"path":"/home/yogaadhi/Final-Project-Travelook/middlewares/validators/authValidator.js","statementMap":{"0":{"start":{"line":1,"column":18},"end":{"line":1,"column":38}},"1":{"start":{"line":4,"column":0},"end":{"line":31,"column":2}},"2":{"start":{"line":7,"column":15},"end":{"line":7,"column":17}},"3":{"start":{"line":9,"column":2},"end":{"line":11,"column":3}},"4":{"start":{"line":10,"column":4},"end":{"line":10,"column":45}},"5":{"start":{"line":13,"column":2},"end":{"line":17,"column":3}},"6":{"start":{"line":14,"column":4},"end":{"line":16,"column":6}},"7":{"start":{"line":19,"column":2},"end":{"line":21,"column":3}},"8":{"start":{"line":20,"column":4},"end":{"line":20,"column":66}},"9":{"start":{"line":24,"column":2},"end":{"line":28,"column":3}},"10":{"start":{"line":25,"column":4},"end":{"line":27,"column":7}},"11":{"start":{"line":30,"column":2},"end":{"line":30,"column":9}},"12":{"start":{"line":33,"column":0},"end":{"line":51,"column":2}},"13":{"start":{"line":34,"column":15},"end":{"line":34,"column":17}},"14":{"start":{"line":35,"column":2},"end":{"line":37,"column":3}},"15":{"start":{"line":36,"column":4},"end":{"line":36,"column":45}},"16":{"start":{"line":39,"column":2},"end":{"line":43,"column":3}},"17":{"start":{"line":40,"column":4},"end":{"line":42,"column":6}},"18":{"start":{"line":44,"column":2},"end":{"line":48,"column":3}},"19":{"start":{"line":45,"column":4},"end":{"line":47,"column":7}},"20":{"start":{"line":50,"column":2},"end":{"line":50,"column":9}}},"fnMap":{"0":{"name":"(anonymous_0)","decl":{"start":{"line":4,"column":17},"end":{"line":4,"column":18}},"loc":{"start":{"line":4,"column":43},"end":{"line":31,"column":1}},"line":4},"1":{"name":"(anonymous_1)","decl":{"start":{"line":33,"column":17},"end":{"line":33,"column":18}},"loc":{"start":{"line":33,"column":43},"end":{"line":51,"column":1}},"line":33}},"branchMap":{"0":{"loc":{"start":{"line":9,"column":2},"end":{"line":11,"column":3}},"type":"if","locations":[{"start":{"line":9,"column":2},"end":{"line":11,"column":3}},{"start":{"line":9,"column":2},"end":{"line":11,"column":3}}],"line":9},"1":{"loc":{"start":{"line":13,"column":2},"end":{"line":17,"column":3}},"type":"if","locations":[{"start":{"line":13,"column":2},"end":{"line":17,"column":3}},{"start":{"line":13,"column":2},"end":{"line":17,"column":3}}],"line":13},"2":{"loc":{"start":{"line":19,"column":2},"end":{"line":21,"column":3}},"type":"if","locations":[{"start":{"line":19,"column":2},"end":{"line":21,"column":3}},{"start":{"line":19,"column":2},"end":{"line":21,"column":3}}],"line":19},"3":{"loc":{"start":{"line":24,"column":2},"end":{"line":28,"column":3}},"type":"if","locations":[{"start":{"line":24,"column":2},"end":{"line":28,"column":3}},{"start":{"line":24,"column":2},"end":{"line":28,"column":3}}],"line":24},"4":{"loc":{"start":{"line":35,"column":2},"end":{"line":37,"column":3}},"type":"if","locations":[{"start":{"line":35,"column":2},"end":{"line":37,"column":3}},{"start":{"line":35,"column":2},"end":{"line":37,"column":3}}],"line":35},"5":{"loc":{"start":{"line":39,"column":2},"end":{"line":43,"column":3}},"type":"if","locations":[{"start":{"line":39,"column":2},"end":{"line":43,"column":3}},{"start":{"line":39,"column":2},"end":{"line":43,"column":3}}],"line":39},"6":{"loc":{"start":{"line":44,"column":2},"end":{"line":48,"column":3}},"type":"if","locations":[{"start":{"line":44,"column":2},"end":{"line":48,"column":3}},{"start":{"line":44,"column":2},"end":{"line":48,"column":3}}],"line":44}},"s":{"0":1,"1":1,"2":2,"3":2,"4":0,"5":2,"6":0,"7":2,"8":0,"9":2,"10":0,"11":2,"12":1,"13":1,"14":1,"15":0,"16":1,"17":0,"18":1,"19":0,"20":1},"f":{"0":2,"1":1},"b":{"0":[0,2],"1":[0,2],"2":[0,2],"3":[0,2],"4":[0,1],"5":[0,1],"6":[0,1]},"_coverageSchema":"1a1c01bbd47fc00a2c39e90264f33305004495a9","hash":"fb5a89da2c17f80da3b07521898bb8c062865e95"}
,"/home/yogaadhi/Final-Project-Travelook/models/index.js": {"path":"/home/yogaadhi/Final-Project-Travelook/models/index.js","statementMap":{"0":{"start":{"line":3,"column":11},"end":{"line":3,"column":24}},"1":{"start":{"line":4,"column":13},"end":{"line":4,"column":28}},"2":{"start":{"line":5,"column":18},"end":{"line":5,"column":38}},"3":{"start":{"line":6,"column":17},"end":{"line":6,"column":42}},"4":{"start":{"line":7,"column":12},"end":{"line":7,"column":49}},"5":{"start":{"line":8,"column":15},"end":{"line":8,"column":63}},"6":{"start":{"line":9,"column":11},"end":{"line":9,"column":13}},"7":{"start":{"line":13,"column":0},"end":{"line":17,"column":1}},"8":{"start":{"line":14,"column":2},"end":{"line":14,"column":74}},"9":{"start":{"line":16,"column":2},"end":{"line":16,"column":87}},"10":{"start":{"line":19,"column":0},"end":{"line":27,"column":5}},"11":{"start":{"line":22,"column":4},"end":{"line":22,"column":90}},"12":{"start":{"line":25,"column":18},"end":{"line":25,"column":85}},"13":{"start":{"line":26,"column":4},"end":{"line":26,"column":27}},"14":{"start":{"line":29,"column":0},"end":{"line":33,"column":3}},"15":{"start":{"line":30,"column":2},"end":{"line":32,"column":3}},"16":{"start":{"line":31,"column":4},"end":{"line":31,"column":32}},"17":{"start":{"line":35,"column":0},"end":{"line":35,"column":25}},"18":{"start":{"line":37,"column":0},"end":{"line":37,"column":20}}},"fnMap":{"0":{"name":"(anonymous_0)","decl":{"start":{"line":21,"column":10},"end":{"line":21,"column":11}},"loc":{"start":{"line":21,"column":18},"end":{"line":23,"column":3}},"line":21},"1":{"name":"(anonymous_1)","decl":{"start":{"line":24,"column":11},"end":{"line":24,"column":12}},"loc":{"start":{"line":24,"column":19},"end":{"line":27,"column":3}},"line":24},"2":{"name":"(anonymous_2)","decl":{"start":{"line":29,"column":24},"end":{"line":29,"column":25}},"loc":{"start":{"line":29,"column":37},"end":{"line":33,"column":1}},"line":29}},"branchMap":{"0":{"loc":{"start":{"line":7,"column":12},"end":{"line":7,"column":49}},"type":"binary-expr","locations":[{"start":{"line":7,"column":12},"end":{"line":7,"column":32}},{"start":{"line":7,"column":36},"end":{"line":7,"column":49}}],"line":7},"1":{"loc":{"start":{"line":13,"column":0},"end":{"line":17,"column":1}},"type":"if","locations":[{"start":{"line":13,"column":0},"end":{"line":17,"column":1}},{"start":{"line":13,"column":0},"end":{"line":17,"column":1}}],"line":13},"2":{"loc":{"start":{"line":22,"column":11},"end":{"line":22,"column":89}},"type":"binary-expr","locations":[{"start":{"line":22,"column":12},"end":{"line":22,"column":35}},{"start":{"line":22,"column":41},"end":{"line":22,"column":58}},{"start":{"line":22,"column":64},"end":{"line":22,"column":88}}],"line":22},"3":{"loc":{"start":{"line":30,"column":2},"end":{"line":32,"column":3}},"type":"if","locations":[{"start":{"line":30,"column":2},"end":{"line":32,"column":3}},{"start":{"line":30,"column":2},"end":{"line":32,"column":3}}],"line":30}},"s":{"0":1,"1":1,"2":1,"3":1,"4":1,"5":1,"6":1,"7":1,"8":0,"9":1,"10":1,"11":2,"12":1,"13":1,"14":1,"15":1,"16":1,"17":1,"18":1},"f":{"0":2,"1":1,"2":1},"b":{"0":[1,0],"1":[0,1],"2":[2,2,1],"3":[1,0]},"_coverageSchema":"1a1c01bbd47fc00a2c39e90264f33305004495a9","hash":"2356973ec86338368182ceed2735a273a4619180"}
,"/home/yogaadhi/Final-Project-Travelook/models/user.js": {"path":"/home/yogaadhi/Final-Project-Travelook/models/user.js","statementMap":{"0":{"start":{"line":4,"column":4},"end":{"line":4,"column":24}},"1":{"start":{"line":5,"column":0},"end":{"line":32,"column":2}},"2":{"start":{"line":16,"column":2},"end":{"line":30,"column":5}},"3":{"start":{"line":31,"column":2},"end":{"line":31,"column":14}}},"fnMap":{"0":{"name":"(anonymous_0)","decl":{"start":{"line":5,"column":17},"end":{"line":5,"column":18}},"loc":{"start":{"line":5,"column":43},"end":{"line":32,"column":1}},"line":5},"1":{"name":"(anonymous_1)","decl":{"start":{"line":12,"column":4},"end":{"line":12,"column":5}},"loc":{"start":{"line":12,"column":29},"end":{"line":14,"column":5}},"line":12}},"branchMap":{},"s":{"0":1,"1":1,"2":1,"3":1},"f":{"0":1,"1":1},"b":{},"_coverageSchema":"1a1c01bbd47fc00a2c39e90264f33305004495a9","hash":"e2a27020b1ffe8aef68cd52f9d69e42a9acd723c"}
,"/home/yogaadhi/Final-Project-Travelook/routes/authRoutes.js": {"path":"/home/yogaadhi/Final-Project-Travelook/routes/authRoutes.js","statementMap":{"0":{"start":{"line":1,"column":16},"end":{"line":1,"column":34}},"1":{"start":{"line":3,"column":23},"end":{"line":3,"column":63}},"2":{"start":{"line":4,"column":22},"end":{"line":4,"column":72}},"3":{"start":{"line":5,"column":13},"end":{"line":5,"column":43}},"4":{"start":{"line":7,"column":24},"end":{"line":7,"column":69}},"5":{"start":{"line":10,"column":15},"end":{"line":10,"column":31}},"6":{"start":{"line":12,"column":0},"end":{"line":14,"column":2}},"7":{"start":{"line":15,"column":0},"end":{"line":20,"column":2}},"8":{"start":{"line":21,"column":0},"end":{"line":21,"column":50}},"9":{"start":{"line":29,"column":0},"end":{"line":29,"column":24}}},"fnMap":{},"branchMap":{},"s":{"0":1,"1":1,"2":1,"3":1,"4":1,"5":1,"6":1,"7":1,"8":1,"9":1},"f":{},"b":{},"_coverageSchema":"1a1c01bbd47fc00a2c39e90264f33305004495a9","hash":"560262e544bf33b272f0af96e3a041ae5f0a6906"}
}
