TN:
SF:index.js
FN:32,(anonymous_0)
FNF:1
FNH:0
FNDA:0,(anonymous_0)
DA:1,1
DA:4,1
DA:5,1
DA:8,1
DA:12,1
DA:13,1
DA:23,1
DA:26,1
DA:29,1
DA:32,0
DA:40,1
LF:11
LH:10
BRDA:29,0,0,0
BRDA:29,0,1,1
BRF:2
BRH:1
end_of_record
TN:
SF:config/config.js
FNF:0
FNH:0
DA:1,1
DA:5,1
LF:2
LH:2
BRF:0
BRH:0
end_of_record
TN:
SF:controllers/authController.js
FN:6,(anonymous_0)
FN:35,(anonymous_1)
FN:66,(anonymous_2)
FNF:3
FNH:1
FNDA:2,(anonymous_0)
FNDA:0,(anonymous_1)
FNDA:0,(anonymous_2)
DA:1,1
DA:2,1
DA:3,1
DA:7,2
DA:10,2
DA:11,2
DA:19,2
DA:21,2
DA:27,0
DA:28,0
DA:36,0
DA:39,0
DA:52,0
DA:53,0
DA:58,0
DA:67,0
DA:68,0
DA:72,0
DA:79,0
DA:87,1
LF:20
LH:9
BRF:0
BRH:0
end_of_record
TN:
SF:middlewares/auth/index.js
FN:9,(anonymous_0)
FN:11,(anonymous_1)
FN:48,(anonymous_2)
FN:80,(anonymous_3)
FN:82,(anonymous_4)
FN:119,(anonymous_5)
FN:165,(anonymous_6)
FN:167,(anonymous_7)
FN:206,(anonymous_8)
FN:230,(anonymous_9)
FN:232,(anonymous_10)
FN:271,(anonymous_11)
FNF:12
FNH:6
FNDA:2,(anonymous_0)
FNDA:2,(anonymous_1)
FNDA:2,(anonymous_2)
FNDA:1,(anonymous_3)
FNDA:1,(anonymous_4)
FNDA:1,(anonymous_5)
FNDA:0,(anonymous_6)
FNDA:0,(anonymous_7)
FNDA:0,(anonymous_8)
FNDA:0,(anonymous_9)
FNDA:0,(anonymous_10)
FNDA:0,(anonymous_11)
DA:1,1
DA:2,1
DA:3,1
DA:4,1
DA:5,1
DA:6,1
DA:9,1
DA:11,2
DA:18,2
DA:19,0
DA:26,2
DA:27,1
DA:33,1
DA:36,1
DA:40,1
DA:49,2
DA:52,2
DA:59,1
DA:66,1
DA:72,1
DA:80,1
DA:82,1
DA:89,1
DA:90,0
DA:97,1
DA:98,0
DA:104,1
DA:107,1
DA:111,1
DA:120,1
DA:123,1
DA:129,1
DA:130,0
DA:147,1
DA:156,0
DA:157,0
DA:165,1
DA:167,0
DA:174,0
DA:175,0
DA:182,0
DA:183,0
DA:189,0
DA:192,0
DA:196,1
DA:208,0
DA:209,0
DA:210,0
DA:212,0
DA:213,0
DA:216,0
DA:222,0
DA:230,1
DA:232,0
DA:239,0
DA:240,0
DA:247,0
DA:248,0
DA:254,0
DA:257,0
DA:261,1
DA:273,0
DA:274,0
DA:275,0
DA:277,0
DA:278,0
DA:281,0
DA:287,0
LF:68
LH:34
BRDA:18,0,0,0
BRDA:18,0,1,2
BRDA:26,1,0,1
BRDA:26,1,1,1
BRDA:89,2,0,0
BRDA:89,2,1,1
BRDA:97,3,0,0
BRDA:97,3,1,1
BRDA:129,4,0,0
BRDA:129,4,1,1
BRDA:174,5,0,0
BRDA:174,5,1,0
BRDA:182,6,0,0
BRDA:182,6,1,0
BRDA:212,7,0,0
BRDA:212,7,1,0
BRDA:239,8,0,0
BRDA:239,8,1,0
BRDA:247,9,0,0
BRDA:247,9,1,0
BRDA:277,10,0,0
BRDA:277,10,1,0
BRF:22
BRH:6
end_of_record
TN:
SF:middlewares/uploads/imageUpload.js
FN:8,(anonymous_0)
FN:9,(anonymous_1)
FN:21,fileFilter
FN:45,(anonymous_3)
FN:46,(anonymous_4)
FNF:5
FNH:2
FNDA:0,(anonymous_0)
FNDA:0,(anonymous_1)
FNDA:0,fileFilter
FNDA:2,(anonymous_3)
FNDA:2,(anonymous_4)
DA:1,1
DA:2,1
DA:3,1
DA:5,1
DA:6,1
DA:9,0
DA:11,0
DA:14,0
DA:22,0
DA:30,0
DA:32,0
DA:34,0
DA:39,1
DA:45,1
DA:46,2
DA:48,2
DA:50,0
DA:51,0
DA:54,2
DA:56,0
DA:62,2
DA:64,2
LF:22
LH:12
BRDA:11,0,0,0
BRDA:11,0,1,0
BRDA:22,1,0,0
BRDA:22,1,1,0
BRDA:23,2,0,0
BRDA:23,2,1,0
BRDA:23,2,2,0
BRDA:23,2,3,0
BRDA:23,2,4,0
BRDA:48,3,0,0
BRDA:48,3,1,2
BRDA:54,4,0,0
BRDA:54,4,1,2
BRDA:62,5,0,0
BRDA:62,5,1,2
BRF:15
BRH:3
end_of_record
TN:
SF:middlewares/validators/authValidator.js
FN:4,(anonymous_0)
FN:33,(anonymous_1)
FNF:2
FNH:2
FNDA:2,(anonymous_0)
FNDA:1,(anonymous_1)
DA:1,1
DA:4,1
DA:7,2
DA:9,2
DA:10,0
DA:13,2
DA:14,0
DA:19,2
DA:20,0
DA:24,2
DA:25,0
DA:30,2
DA:33,1
DA:34,1
DA:35,1
DA:36,0
DA:39,1
DA:40,0
DA:44,1
DA:45,0
DA:50,1
LF:21
LH:14
BRDA:9,0,0,0
BRDA:9,0,1,2
BRDA:13,1,0,0
BRDA:13,1,1,2
BRDA:19,2,0,0
BRDA:19,2,1,2
BRDA:24,3,0,0
BRDA:24,3,1,2
BRDA:35,4,0,0
BRDA:35,4,1,1
BRDA:39,5,0,0
BRDA:39,5,1,1
BRDA:44,6,0,0
BRDA:44,6,1,1
BRF:14
BRH:7
end_of_record
TN:
SF:models/index.js
FN:21,(anonymous_0)
FN:24,(anonymous_1)
FN:29,(anonymous_2)
FNF:3
FNH:3
FNDA:2,(anonymous_0)
FNDA:1,(anonymous_1)
FNDA:1,(anonymous_2)
DA:3,1
DA:4,1
DA:5,1
DA:6,1
DA:7,1
DA:8,1
DA:9,1
DA:13,1
DA:14,0
DA:16,1
DA:19,1
DA:22,2
DA:25,1
DA:26,1
DA:29,1
DA:30,1
DA:31,1
DA:35,1
DA:37,1
LF:19
LH:18
BRDA:7,0,0,1
BRDA:7,0,1,0
BRDA:13,1,0,0
BRDA:13,1,1,1
BRDA:22,2,0,2
BRDA:22,2,1,2
BRDA:22,2,2,1
BRDA:30,3,0,1
BRDA:30,3,1,0
BRF:9
BRH:6
end_of_record
TN:
SF:models/user.js
FN:5,(anonymous_0)
FN:12,(anonymous_1)
FNF:2
FNH:2
FNDA:1,(anonymous_0)
FNDA:1,(anonymous_1)
DA:4,1
DA:5,1
DA:16,1
DA:31,1
LF:4
LH:4
BRF:0
BRH:0
end_of_record
TN:
SF:routes/authRoutes.js
FNF:0
FNH:0
DA:1,1
DA:3,1
DA:4,1
DA:5,1
DA:7,1
DA:10,1
DA:12,1
DA:15,1
DA:29,1
LF:9
LH:9
BRF:0
BRH:0
end_of_record
